<?xml version="1.0" encoding="UTF-8"?>
<!-- Generated by org.testng.reporters.JUnitReportReporter -->
<testsuite skipped="0" hostname="LTIN227624" name="testScriptPackage.WicketKeeperCountTest" tests="1" failures="0" timestamp="14 Sep 2022 15:17:07 GMT" time="0.001" errors="0">
  <testcase name="wicketKeeperCountTest" time="0.001" classname="testScriptPackage.WicketKeeperCountTest"/>
</testsuite> <!-- testScriptPackage.WicketKeeperCountTest -->
