<?xml version="1.0" encoding="UTF-8"?>
<!-- Generated by org.testng.reporters.JUnitReportReporter -->
<testsuite skipped="0" hostname="LTIN227624" name="testScriptPackage.CountryCountTest" tests="1" failures="0" timestamp="14 Sep 2022 15:17:07 GMT" time="0.015" errors="0">
  <testcase name="countryCountTest" time="0.015" classname="testScriptPackage.CountryCountTest"/>
</testsuite> <!-- testScriptPackage.CountryCountTest -->
